<?xml version="1.0" encoding="UTF-8"?>
<testsuite name="com.skku.sucpi.service.UserServiceTest" tests="3" skipped="0" failures="0" errors="0" timestamp="2025-04-05T08:37:53" hostname="sinjingeon-ui-MacBookPro.local" time="0.903">
  <properties/>
  <testcase name="로그인 - 유저 조회하기" classname="com.skku.sucpi.service.UserServiceTest" time="0.332"/>
  <testcase name="모든 유저 조회하기" classname="com.skku.sucpi.service.UserServiceTest" time="0.21"/>
  <testcase name="로그인 - 유저 조회하기" classname="com.skku.sucpi.service.UserServiceTest" time="0.361"/>
  <system-out><![CDATA[2025-04-05T17:37:53.954+09:00  INFO 17044 --- [sucpi] [    Test worker] t.c.s.AnnotationConfigContextLoaderUtils : Could not detect default configuration classes for test class [com.skku.sucpi.service.UserServiceTest]: UserServiceTest does not declare any static, non-private, non-final, nested classes annotated with @Configuration.
2025-04-05T17:37:53.957+09:00  INFO 17044 --- [sucpi] [    Test worker] .b.t.c.SpringBootTestContextBootstrapper : Found @SpringBootConfiguration com.skku.sucpi.SucpiApplication for test class com.skku.sucpi.service.UserServiceTest
]]></system-out>
  <system-err><![CDATA[]]></system-err>
</testsuite>
