<?xml version="1.0" encoding="UTF-8"?>
<testsuite name="com.skku.sucpi.controller.testController.TestControllerTest" tests="2" skipped="0" failures="0" errors="0" timestamp="2025-04-05T08:37:53" hostname="sinjingeon-ui-MacBookPro.local" time="0.422">
  <properties/>
  <testcase name="saveTest()" classname="com.skku.sucpi.controller.testController.TestControllerTest" time="0.261"/>
  <testcase name="test()" classname="com.skku.sucpi.controller.testController.TestControllerTest" time="0.161"/>
  <system-out><![CDATA[2025-04-05T17:37:53.523+09:00  INFO 17044 --- [sucpi] [    Test worker] t.c.s.AnnotationConfigContextLoaderUtils : Could not detect default configuration classes for test class [com.skku.sucpi.controller.testController.TestControllerTest]: TestControllerTest does not declare any static, non-private, non-final, nested classes annotated with @Configuration.
2025-04-05T17:37:53.529+09:00  INFO 17044 --- [sucpi] [    Test worker] .b.t.c.SpringBootTestContextBootstrapper : Found @SpringBootConfiguration com.skku.sucpi.SucpiApplication for test class com.skku.sucpi.controller.testController.TestControllerTest
]]></system-out>
  <system-err><![CDATA[]]></system-err>
</testsuite>
