<?xml version="1.0" encoding="UTF-8"?>
<testsuite name="com.skku.sucpi.controller.AdminControllerTest.AdminControllerTestForAdmin" tests="2" skipped="0" failures="0" errors="0" timestamp="2025-04-05T08:37:52" hostname="sinjingeon-ui-MacBookPro.local" time="0.589">
  <properties/>
  <testcase name="LQ, CQ, RQ 값 가져오기" classname="com.skku.sucpi.controller.AdminControllerTest.AdminControllerTestForAdmin" time="0.228"/>
  <testcase name="모든 activity 조회하기" classname="com.skku.sucpi.controller.AdminControllerTest.AdminControllerTestForAdmin" time="0.36"/>
  <system-out><![CDATA[2025-04-05T17:37:51.386+09:00  INFO 17044 --- [sucpi] [    Test worker] t.c.s.AnnotationConfigContextLoaderUtils : Could not detect default configuration classes for test class [com.skku.sucpi.controller.AdminControllerTest.AdminControllerTestForAdmin]: AdminControllerTestForAdmin does not declare any static, non-private, non-final, nested classes annotated with @Configuration.
2025-04-05T17:37:51.394+09:00  INFO 17044 --- [sucpi] [    Test worker] .b.t.c.SpringBootTestContextBootstrapper : Found @SpringBootConfiguration com.skku.sucpi.SucpiApplication for test class com.skku.sucpi.controller.AdminControllerTest.AdminControllerTestForAdmin

  .   ____          _            __ _ _
 /\\ / ___'_ __ _ _(_)_ __  __ _ \ \ \ \
( ( )\___ | '_ | '_| | '_ \/ _` | \ \ \ \
 \\/  ___)| |_)| | | | | || (_| |  ) ) ) )
  '  |____| .__|_| |_|_| |_\__, | / / / /
 =========|_|==============|___/=/_/_/_/

 :: Spring Boot ::                (v3.4.2)

2025-04-05T17:37:51.407+09:00  INFO 17044 --- [sucpi] [    Test worker] c.s.s.c.A.AdminControllerTestForAdmin    : Starting AdminControllerTestForAdmin using Java 21.0.5 with PID 17044 (started by sjg in /Users/sjg/SUCPI/sucpi)
2025-04-05T17:37:51.407+09:00  INFO 17044 --- [sucpi] [    Test worker] c.s.s.c.A.AdminControllerTestForAdmin    : No active profile set, falling back to 1 default profile: "default"
2025-04-05T17:37:51.480+09:00  INFO 17044 --- [sucpi] [    Test worker] .s.d.r.c.RepositoryConfigurationDelegate : Bootstrapping Spring Data JPA repositories in DEFAULT mode.
2025-04-05T17:37:51.488+09:00  INFO 17044 --- [sucpi] [    Test worker] .s.d.r.c.RepositoryConfigurationDelegate : Finished Spring Data repository scanning in 6 ms. Found 7 JPA repository interfaces.
2025-04-05T17:37:51.528+09:00  INFO 17044 --- [sucpi] [    Test worker] o.hibernate.jpa.internal.util.LogHelper  : HHH000204: Processing PersistenceUnitInfo [name: default]
2025-04-05T17:37:51.528+09:00  INFO 17044 --- [sucpi] [    Test worker] o.h.c.internal.RegionFactoryInitiator    : HHH000026: Second-level cache disabled
2025-04-05T17:37:51.532+09:00  INFO 17044 --- [sucpi] [    Test worker] o.s.o.j.p.SpringPersistenceUnitInfo      : No LoadTimeWeaver setup: ignoring JPA class transformer
2025-04-05T17:37:51.532+09:00  INFO 17044 --- [sucpi] [    Test worker] com.zaxxer.hikari.HikariDataSource       : HikariPool-2 - Starting...
2025-04-05T17:37:51.952+09:00  INFO 17044 --- [sucpi] [    Test worker] com.zaxxer.hikari.pool.HikariPool        : HikariPool-2 - Added connection com.mysql.cj.jdbc.ConnectionImpl@7307e418
2025-04-05T17:37:51.953+09:00  INFO 17044 --- [sucpi] [    Test worker] com.zaxxer.hikari.HikariDataSource       : HikariPool-2 - Start completed.
2025-04-05T17:37:52.003+09:00  WARN 17044 --- [sucpi] [    Test worker] org.hibernate.orm.deprecation            : HHH90000025: MySQLDialect does not need to be specified explicitly using 'hibernate.dialect' (remove the property setting and it will be selected by default)
2025-04-05T17:37:52.003+09:00  INFO 17044 --- [sucpi] [    Test worker] org.hibernate.orm.connections.pooling    : HHH10001005: Database info:
	Database JDBC URL [Connecting through datasource 'HikariDataSource (HikariPool-2)']
	Database driver: undefined/unknown
	Database version: 8.0.40
	Autocommit mode: undefined/unknown
	Isolation level: undefined/unknown
	Minimum pool size: undefined/unknown
	Maximum pool size: undefined/unknown
2025-04-05T17:37:52.075+09:00  INFO 17044 --- [sucpi] [    Test worker] o.h.e.t.j.p.i.JtaPlatformInitiator       : HHH000489: No JTA platform available (set 'hibernate.transaction.jta.platform' to enable JTA platform integration)
2025-04-05T17:37:52.076+09:00  INFO 17044 --- [sucpi] [    Test worker] j.LocalContainerEntityManagerFactoryBean : Initialized JPA EntityManagerFactory for persistence unit 'default'
2025-04-05T17:37:52.127+09:00  WARN 17044 --- [sucpi] [    Test worker] JpaBaseConfiguration$JpaWebConfiguration : spring.jpa.open-in-view is enabled by default. Therefore, database queries may be performed during view rendering. Explicitly configure spring.jpa.open-in-view to disable this warning
2025-04-05T17:37:52.133+09:00  WARN 17044 --- [sucpi] [    Test worker] .s.s.UserDetailsServiceAutoConfiguration : 

Using generated security password: 49241559-8135-4700-adae-5a69e2b8699a

This generated password is for development use only. Your security configuration must be updated before running your application in production.

2025-04-05T17:37:52.134+09:00  INFO 17044 --- [sucpi] [    Test worker] r$InitializeUserDetailsManagerConfigurer : Global AuthenticationManager configured with UserDetailsService bean with name inMemoryUserDetailsManager
2025-04-05T17:37:52.226+09:00  INFO 17044 --- [sucpi] [    Test worker] o.s.b.t.m.w.SpringBootMockServletContext : Initializing Spring TestDispatcherServlet ''
2025-04-05T17:37:52.226+09:00  INFO 17044 --- [sucpi] [    Test worker] o.s.t.web.servlet.TestDispatcherServlet  : Initializing Servlet ''
2025-04-05T17:37:52.227+09:00  INFO 17044 --- [sucpi] [    Test worker] o.s.t.web.servlet.TestDispatcherServlet  : Completed initialization in 1 ms
2025-04-05T17:37:52.231+09:00  INFO 17044 --- [sucpi] [    Test worker] c.s.s.c.A.AdminControllerTestForAdmin    : Started AdminControllerTestForAdmin in 0.835 seconds (process running for 4.078)
]]></system-out>
  <system-err><![CDATA[]]></system-err>
</testsuite>
