<?xml version="1.0" encoding="UTF-8"?>
<testsuite name="com.skku.sucpi.SucpiApplicationTests" tests="1" skipped="0" failures="0" errors="0" timestamp="2025-04-05T08:37:51" hostname="sinjingeon-ui-MacBookPro.local" time="0.28">
  <properties/>
  <testcase name="contextLoads()" classname="com.skku.sucpi.SucpiApplicationTests" time="0.28"/>
  <system-out><![CDATA[17:37:48.516 [Test worker] INFO org.springframework.test.context.support.AnnotationConfigContextLoaderUtils -- Could not detect default configuration classes for test class [com.skku.sucpi.SucpiApplicationTests]: SucpiApplicationTests does not declare any static, non-private, non-final, nested classes annotated with @Configuration.
17:37:48.565 [Test worker] INFO org.springframework.boot.test.context.SpringBootTestContextBootstrapper -- Found @SpringBootConfiguration com.skku.sucpi.SucpiApplication for test class com.skku.sucpi.SucpiApplicationTests

  .   ____          _            __ _ _
 /\\ / ___'_ __ _ _(_)_ __  __ _ \ \ \ \
( ( )\___ | '_ | '_| | '_ \/ _` | \ \ \ \
 \\/  ___)| |_)| | | | | || (_| |  ) ) ) )
  '  |____| .__|_| |_|_| |_\__, | / / / /
 =========|_|==============|___/=/_/_/_/

 :: Spring Boot ::                (v3.4.2)

2025-04-05T17:37:48.725+09:00  INFO 17044 --- [sucpi] [    Test worker] com.skku.sucpi.SucpiApplicationTests     : Starting SucpiApplicationTests using Java 21.0.5 with PID 17044 (started by sjg in /Users/sjg/SUCPI/sucpi)
2025-04-05T17:37:48.726+09:00  INFO 17044 --- [sucpi] [    Test worker] com.skku.sucpi.SucpiApplicationTests     : No active profile set, falling back to 1 default profile: "default"
2025-04-05T17:37:49.067+09:00  INFO 17044 --- [sucpi] [    Test worker] .s.d.r.c.RepositoryConfigurationDelegate : Bootstrapping Spring Data JPA repositories in DEFAULT mode.
2025-04-05T17:37:49.100+09:00  INFO 17044 --- [sucpi] [    Test worker] .s.d.r.c.RepositoryConfigurationDelegate : Finished Spring Data repository scanning in 28 ms. Found 7 JPA repository interfaces.
2025-04-05T17:37:49.305+09:00  INFO 17044 --- [sucpi] [    Test worker] o.hibernate.jpa.internal.util.LogHelper  : HHH000204: Processing PersistenceUnitInfo [name: default]
2025-04-05T17:37:49.330+09:00  INFO 17044 --- [sucpi] [    Test worker] org.hibernate.Version                    : HHH000412: Hibernate ORM core version 6.6.5.Final
2025-04-05T17:37:49.346+09:00  INFO 17044 --- [sucpi] [    Test worker] o.h.c.internal.RegionFactoryInitiator    : HHH000026: Second-level cache disabled
2025-04-05T17:37:49.465+09:00  INFO 17044 --- [sucpi] [    Test worker] o.s.o.j.p.SpringPersistenceUnitInfo      : No LoadTimeWeaver setup: ignoring JPA class transformer
2025-04-05T17:37:49.478+09:00  INFO 17044 --- [sucpi] [    Test worker] com.zaxxer.hikari.HikariDataSource       : HikariPool-1 - Starting...
2025-04-05T17:37:49.962+09:00  INFO 17044 --- [sucpi] [    Test worker] com.zaxxer.hikari.pool.HikariPool        : HikariPool-1 - Added connection com.mysql.cj.jdbc.ConnectionImpl@2919aff3
2025-04-05T17:37:49.964+09:00  INFO 17044 --- [sucpi] [    Test worker] com.zaxxer.hikari.HikariDataSource       : HikariPool-1 - Start completed.
2025-04-05T17:37:50.059+09:00  WARN 17044 --- [sucpi] [    Test worker] org.hibernate.orm.deprecation            : HHH90000025: MySQLDialect does not need to be specified explicitly using 'hibernate.dialect' (remove the property setting and it will be selected by default)
2025-04-05T17:37:50.067+09:00  INFO 17044 --- [sucpi] [    Test worker] org.hibernate.orm.connections.pooling    : HHH10001005: Database info:
	Database JDBC URL [Connecting through datasource 'HikariDataSource (HikariPool-1)']
	Database driver: undefined/unknown
	Database version: 8.0.40
	Autocommit mode: undefined/unknown
	Isolation level: undefined/unknown
	Minimum pool size: undefined/unknown
	Maximum pool size: undefined/unknown
2025-04-05T17:37:50.469+09:00  INFO 17044 --- [sucpi] [    Test worker] o.h.e.t.j.p.i.JtaPlatformInitiator       : HHH000489: No JTA platform available (set 'hibernate.transaction.jta.platform' to enable JTA platform integration)
2025-04-05T17:37:50.471+09:00  INFO 17044 --- [sucpi] [    Test worker] j.LocalContainerEntityManagerFactoryBean : Initialized JPA EntityManagerFactory for persistence unit 'default'
2025-04-05T17:37:50.746+09:00  WARN 17044 --- [sucpi] [    Test worker] JpaBaseConfiguration$JpaWebConfiguration : spring.jpa.open-in-view is enabled by default. Therefore, database queries may be performed during view rendering. Explicitly configure spring.jpa.open-in-view to disable this warning
2025-04-05T17:37:50.758+09:00  WARN 17044 --- [sucpi] [    Test worker] .s.s.UserDetailsServiceAutoConfiguration : 

Using generated security password: d1b42f45-7d31-477e-a65f-c4430b614325

This generated password is for development use only. Your security configuration must be updated before running your application in production.

2025-04-05T17:37:50.764+09:00  INFO 17044 --- [sucpi] [    Test worker] r$InitializeUserDetailsManagerConfigurer : Global AuthenticationManager configured with UserDetailsService bean with name inMemoryUserDetailsManager
2025-04-05T17:37:51.095+09:00  INFO 17044 --- [sucpi] [    Test worker] com.skku.sucpi.SucpiApplicationTests     : Started SucpiApplicationTests in 2.465 seconds (process running for 2.942)
]]></system-out>
  <system-err><![CDATA[Mockito is currently self-attaching to enable the inline-mock-maker. This will no longer work in future releases of the JDK. Please add Mockito as an agent to your build what is described in Mockito's documentation: https://javadoc.io/doc/org.mockito/mockito-core/latest/org/mockito/Mockito.html#0.3
WARNING: A Java agent has been loaded dynamically (/Users/sjg/.gradle/caches/modules-2/files-2.1/net.bytebuddy/byte-buddy-agent/1.15.11/a38b16385e867f59a641330f0362ebe742788ed8/byte-buddy-agent-1.15.11.jar)
WARNING: If a serviceability tool is in use, please run with -XX:+EnableDynamicAgentLoading to hide this warning
WARNING: If a serviceability tool is not in use, please run with -Djdk.instrument.traceUsage for more information
WARNING: Dynamic loading of agents will be disallowed by default in a future release
]]></system-err>
</testsuite>
